SmallHappypay/facesdk/build/outputs/logs/manifest-merger-debug-report.txt
-- Merging decision tree log ---
manifest
ADDED from src\main\AndroidManifest.xml:4:1-17:12
INJECTED from src\main\AndroidManifest.xml:4:1-17:12
INJECTED from src\main\AndroidManifest.xml:4:1-17:12
INJECTED from src\main\AndroidManifest.xml:4:1-17:12
INJECTED from src\main\AndroidManifest.xml:4:1-17:12
INJECTED from src\main\AndroidManifest.xml:4:1-17:12
INJECTED from src\main\AndroidManifest.xml:4:1-17:12
	package
		ADDED from src\main\AndroidManifest.xml:6:11-52
		INJECTED from src\main\AndroidManifest.xml
		INJECTED from src\main\AndroidManifest.xml
	android:versionName
		INJECTED from src\main\AndroidManifest.xml
		ADDED from src\main\AndroidManifest.xml:4:1-17:12
		INJECTED from src\main\AndroidManifest.xml
	android:versionCode
		INJECTED from src\main\AndroidManifest.xml
		ADDED from src\main\AndroidManifest.xml:4:1-17:12
		INJECTED from src\main\AndroidManifest.xml
	xmlns:android
		ADDED from src\main\AndroidManifest.xml:4:11-69
uses-permission#android.permission.CAMERA
ADDED from src\main\AndroidManifest.xml:9:5-64
	android:name
		ADDED from src\main\AndroidManifest.xml:9:22-62
application
ADDED from src\main\AndroidManifest.xml:10:5-15:19
	android:supportsRtl
		ADDED from src\main\AndroidManifest.xml:12:18-44
	android:label
		ADDED from src\main\AndroidManifest.xml:11:18-50
	android:allowBackup
		ADDED from src\main\AndroidManifest.xml:10:18-44
uses-sdk
INJECTED from src\main\AndroidManifest.xml reason: use-sdk injection requested
INJECTED from src\main\AndroidManifest.xml
INJECTED from src\main\AndroidManifest.xml
INJECTED from src\main\AndroidManifest.xml
INJECTED from src\main\AndroidManifest.xml
	android:targetSdkVersion
		INJECTED from src\main\AndroidManifest.xml
		ADDED from src\main\AndroidManifest.xml
		INJECTED from src\main\AndroidManifest.xml
	android:minSdkVersion
		INJECTED from src\main\AndroidManifest.xml
		ADDED from src\main\AndroidManifest.xml
		INJECTED from src\main\AndroidManifest.xml